0 info it worked if it ends with ok
1 verbose cli [ '/usr/local/bin/node', '/usr/local/bin/npm', 'start' ]
2 info using npm@3.9.5
3 info using node@v6.2.2
4 verbose run-script [ 'prestart', 'start', 'poststart' ]
5 info lifecycle pietrop.github.io_jeckyll_lanyon@1.0.0~prestart: pietrop.github.io_jeckyll_lanyon@1.0.0
6 silly lifecycle pietrop.github.io_jeckyll_lanyon@1.0.0~prestart: no script for prestart, continuing
7 info lifecycle pietrop.github.io_jeckyll_lanyon@1.0.0~start: pietrop.github.io_jeckyll_lanyon@1.0.0
8 verbose lifecycle pietrop.github.io_jeckyll_lanyon@1.0.0~start: unsafe-perm in lifecycle true
9 verbose lifecycle pietrop.github.io_jeckyll_lanyon@1.0.0~start: PATH: /usr/local/lib/node_modules/npm/bin/node-gyp-bin:/Users/pietropassarelli/Dropbox/pietrop.github.io_jeckyll_lanyon/node_modules/.bin:/usr/local/bin:/opt/local/bin:/opt/local/sbin:/usr/local/heroku/bin:/Users/pietropassarelli/.rbenv/bin:/Users/pietropassarelli/.rbenv/shims:/usr/local/bin:/user/local/sbin:/usr/local/mysql/bin:/usr/local/php5/bin:/usr/local/bin:/usr/bin:/bin:/usr/sbin:/sbin:/opt/X11/bin:/usr/texbin:/usr/local/mysql/bin
10 verbose lifecycle pietrop.github.io_jeckyll_lanyon@1.0.0~start: CWD: /Users/pietropassarelli/Dropbox/pietrop.github.io_jeckyll_lanyon
11 silly lifecycle pietrop.github.io_jeckyll_lanyon@1.0.0~start: Args: [ '-c', 'bundle exec jekyll serve' ]
12 silly lifecycle pietrop.github.io_jeckyll_lanyon@1.0.0~start: Returned: code: 1  signal: null
13 info lifecycle pietrop.github.io_jeckyll_lanyon@1.0.0~start: Failed to exec start script
14 verbose stack Error: pietrop.github.io_jeckyll_lanyon@1.0.0 start: `bundle exec jekyll serve`
14 verbose stack Exit status 1
14 verbose stack     at EventEmitter.<anonymous> (/usr/local/lib/node_modules/npm/lib/utils/lifecycle.js:245:16)
14 verbose stack     at emitTwo (events.js:106:13)
14 verbose stack     at EventEmitter.emit (events.js:191:7)
14 verbose stack     at ChildProcess.<anonymous> (/usr/local/lib/node_modules/npm/lib/utils/spawn.js:24:14)
14 verbose stack     at emitTwo (events.js:106:13)
14 verbose stack     at ChildProcess.emit (events.js:191:7)
14 verbose stack     at maybeClose (internal/child_process.js:852:16)
14 verbose stack     at Process.ChildProcess._handle.onexit (internal/child_process.js:215:5)
15 verbose pkgid pietrop.github.io_jeckyll_lanyon@1.0.0
16 verbose cwd /Users/pietropassarelli/Dropbox/pietrop.github.io_jeckyll_lanyon
17 error Darwin 16.6.0
18 error argv "/usr/local/bin/node" "/usr/local/bin/npm" "start"
19 error node v6.2.2
20 error npm  v3.9.5
21 error code ELIFECYCLE
22 error pietrop.github.io_jeckyll_lanyon@1.0.0 start: `bundle exec jekyll serve`
22 error Exit status 1
23 error Failed at the pietrop.github.io_jeckyll_lanyon@1.0.0 start script 'bundle exec jekyll serve'.
23 error Make sure you have the latest version of node.js and npm installed.
23 error If you do, this is most likely a problem with the pietrop.github.io_jeckyll_lanyon package,
23 error not with npm itself.
23 error Tell the author that this fails on your system:
23 error     bundle exec jekyll serve
23 error You can get information on how to open an issue for this project with:
23 error     npm bugs pietrop.github.io_jeckyll_lanyon
23 error Or if that isn't available, you can get their info via:
23 error     npm owner ls pietrop.github.io_jeckyll_lanyon
23 error There is likely additional logging output above.
24 verbose exit [ 1, true ]
